-------------------------------------------------------------------------------
Test set: test.FizzbuzzTest
-------------------------------------------------------------------------------
Tests run: 1, Failures: 0, Errors: 1, Skipped: 0, Time elapsed: 0.044 s <<< FAILURE! - in test.FizzbuzzTest
test1  Time elapsed: 0.039 s  <<< ERROR!
java.lang.Error: 
Unresolved compilation problem: 
	The method converter(int) is undefined for the type Fizzbuzz

	at test.FizzbuzzTest.test1(FizzbuzzTest.java:12)

