<?xml version="1.0" encoding="UTF-8" standalone="yes"?><!DOCTYPE report PUBLIC "-//JACOCO//DTD Report 1.1//EN" "report.dtd"><report name="twitter"><sessioninfo id="Monzas-MacBook-Air.local-118f0ad3" start="1783381717817" dump="1783381722286"/><sessioninfo id="Monzas-MacBook-Air.local-86771f44" start="1783383914782" dump="1783383919266"/><sessioninfo id="Monzas-MacBook-Air.local-163c05c" start="1783384323409" dump="1783384323714"/><sessioninfo id="Monzas-MacBook-Air.local-772a1a88" start="1783384337561" dump="1783384337832"/><sessioninfo id="Monzas-MacBook-Air.local-f1ffed02" start="1783384370161" dump="1783384370497"/><sessioninfo id="Monzas-MacBook-Air.local-f85b121e" start="1783384455684" dump="1783384456149"/><sessioninfo id="Monzas-MacBook-Air.local-52a44d11" start="1783384782550" dump="1783384783040"/><sessioninfo id="Monzas-MacBook-Air.local-573a1b22" start="1783385691268" dump="1783385691715"/><sessioninfo id="Monzas-MacBook-Air.local-b77b077" start="1783385706451" dump="1783385706892"/><sessioninfo id="Monzas-MacBook-Air.local-6c00ed8e" start="1783385738450" dump="1783385738804"/><sessioninfo id="Monzas-MacBook-Air.local-e548ee53" start="1783385914314" dump="1783385915173"/><sessioninfo id="Monzas-MacBook-Air.local-20bcc0e5" start="1783385949181" dump="1783385949590"/><sessioninfo id="Monzas-MacBook-Air.local-a53a0e75" start="1783386212901" dump="1783386213337"/><sessioninfo id="Monzas-MacBook-Air.local-583c180d" start="1783386220370" dump="1783386220847"/><sessioninfo id="Monzas-MacBook-Air.local-ccde3b87" start="1783386540048" dump="1783386540500"/><sessioninfo id="Monzas-MacBook-Air.local-7ad9c481" start="1783387271537" dump="1783387271968"/><sessioninfo id="Monzas-MacBook-Air.local-50e9f3c4" start="1783387301316" dump="1783387301730"/><sessioninfo id="Monzas-MacBook-Air.local-7b362ffc" start="1783387391336" dump="1783387391761"/><sessioninfo id="Monzas-MacBook-Air.local-d20c5f01" start="1783387514038" dump="1783387514486"/><sessioninfo id="Monzas-MacBook-Air.local-93c8c17f" start="1783389268065" dump="1783389268743"/><sessioninfo id="Monzas-MacBook-Air.local-d070518e" start="1783390450634" dump="1783390451296"/><package name=""><class name="Twitter" sourcefilename="Twitter.java"><method name="&lt;init&gt;" desc="()V" line="3"><counter type="INSTRUCTION" missed="3" covered="0"/><counter type="LINE" missed="1" covered="0"/><counter type="COMPLEXITY" missed="1" covered="0"/><counter type="METHOD" missed="1" covered="0"/></method><method name="loadTweet" desc="()Ljava/lang/String;" line="8"><counter type="INSTRUCTION" missed="20" covered="0"/><counter type="BRANCH" missed="4" covered="0"/><counter type="LINE" missed="8" covered="0"/><counter type="COMPLEXITY" missed="3" covered="0"/><counter type="METHOD" missed="1" covered="0"/></method><method name="isMentionned" desc="(Ljava/lang/String;)Z" line="22"><counter type="INSTRUCTION" missed="2" covered="28"/><counter type="BRANCH" missed="1" covered="3"/><counter type="LINE" missed="1" covered="7"/><counter type="COMPLEXITY" missed="1" covered="2"/><counter type="METHOD" missed="0" covered="1"/></method><counter type="INSTRUCTION" missed="25" covered="28"/><counter type="BRANCH" missed="5" covered="3"/><counter type="LINE" missed="10" covered="7"/><counter type="COMPLEXITY" missed="5" covered="2"/><counter type="METHOD" missed="2" covered="1"/><counter type="CLASS" missed="0" covered="1"/></class><class name="Main" sourcefilename="Main.java"><method name="&lt;init&gt;" desc="()V" line="1"><counter type="INSTRUCTION" missed="3" covered="0"/><counter type="LINE" missed="1" covered="0"/><counter type="COMPLEXITY" missed="1" covered="0"/><counter type="METHOD" missed="1" covered="0"/></method><method name="main" desc="([Ljava/lang/String;)V" line="4"><counter type="INSTRUCTION" missed="10" covered="0"/><counter type="LINE" missed="4" covered="0"/><counter type="COMPLEXITY" missed="1" covered="0"/><counter type="METHOD" missed="1" covered="0"/></method><method name="printToScreen" desc="(Ljava/lang/String;)V" line="10"><counter type="INSTRUCTION" missed="4" covered="0"/><counter type="LINE" missed="2" covered="0"/><counter type="COMPLEXITY" missed="1" covered="0"/><counter type="METHOD" missed="1" covered="0"/></method><method name="printToScreen" desc="(Ljava/lang/String;Z)V" line="14"><counter type="INSTRUCTION" missed="11" covered="0"/><counter type="BRANCH" missed="4" covered="0"/><counter type="LINE" missed="5" covered="0"/><counter type="COMPLEXITY" missed="3" covered="0"/><counter type="METHOD" missed="1" covered="0"/></method><counter type="INSTRUCTION" missed="28" covered="0"/><counter type="BRANCH" missed="4" covered="0"/><counter type="LINE" missed="12" covered="0"/><counter type="COMPLEXITY" missed="6" covered="0"/><counter type="METHOD" missed="4" covered="0"/><counter type="CLASS" missed="1" covered="0"/></class><sourcefile name="Twitter.java"><line nr="3" mi="3" ci="0" mb="0" cb="0"/><line nr="8" mi="2" ci="0" mb="0" cb="0"/><line nr="9" mi="2" ci="0" mb="0" cb="0"/><line nr="11" mi="2" ci="0" mb="0" cb="0"/><line nr="12" mi="4" ci="0" mb="2" cb="0"/><line nr="13" mi="2" ci="0" mb="0" cb="0"/><line nr="14" mi="4" ci="0" mb="2" cb="0"/><line nr="15" mi="2" ci="0" mb="0" cb="0"/><line nr="17" mi="2" ci="0" mb="0" cb="0"/><line nr="22" mi="0" ci="3" mb="0" cb="0"/><line nr="23" mi="0" ci="4" mb="0" cb="0"/><line nr="25" mi="0" ci="7" mb="0" cb="0"/><line nr="27" mi="0" ci="5" mb="0" cb="2"/><line nr="28" mi="0" ci="2" mb="0" cb="0"/><line nr="29" mi="0" ci="5" mb="1" cb="1"/><line nr="30" mi="2" ci="0" mb="0" cb="0"/><line nr="33" mi="0" ci="2" mb="0" cb="0"/><counter type="INSTRUCTION" missed="25" covered="28"/><counter type="BRANCH" missed="5" covered="3"/><counter type="LINE" missed="10" covered="7"/><counter type="COMPLEXITY" missed="5" covered="2"/><counter type="METHOD" missed="2" covered="1"/><counter type="CLASS" missed="0" covered="1"/></sourcefile><sourcefile name="Main.java"><line nr="1" mi="3" ci="0" mb="0" cb="0"/><line nr="4" mi="2" ci="0" mb="0" cb="0"/><line nr="5" mi="4" ci="0" mb="0" cb="0"/><line nr="6" mi="3" ci="0" mb="0" cb="0"/><line nr="7" mi="1" ci="0" mb="0" cb="0"/><line nr="10" mi="3" ci="0" mb="0" cb="0"/><line nr="11" mi="1" ci="0" mb="0" cb="0"/><line nr="14" mi="2" ci="0" mb="2" cb="0"/><line nr="15" mi="3" ci="0" mb="0" cb="0"/><line nr="16" mi="2" ci="0" mb="2" cb="0"/><line nr="17" mi="3" ci="0" mb="0" cb="0"/><line nr="20" mi="1" ci="0" mb="0" cb="0"/><counter type="INSTRUCTION" missed="28" covered="0"/><counter type="BRANCH" missed="4" covered="0"/><counter type="LINE" missed="12" covered="0"/><counter type="COMPLEXITY" missed="6" covered="0"/><counter type="METHOD" missed="4" covered="0"/><counter type="CLASS" missed="1" covered="0"/></sourcefile><counter type="INSTRUCTION" missed="53" covered="28"/><counter type="BRANCH" missed="9" covered="3"/><counter type="LINE" missed="22" covered="7"/><counter type="COMPLEXITY" missed="11" covered="2"/><counter type="METHOD" missed="6" covered="1"/><counter type="CLASS" missed="1" covered="1"/></package><counter type="INSTRUCTION" missed="53" covered="28"/><counter type="BRANCH" missed="9" covered="3"/><counter type="LINE" missed="22" covered="7"/><counter type="COMPLEXITY" missed="11" covered="2"/><counter type="METHOD" missed="6" covered="1"/><counter type="CLASS" missed="1" covered="1"/></report>